This is pdfTeX, Version 3.14159265-2.6-1.40.19 (MiKTeX 2.9.6930 64-bit) (preloaded format=pdflatex 2019.1.21)  25 FEB 2020 17:43
entering extended mode
**./report.tex
(report.tex
LaTeX2e <2018-12-01>

("C:\Users\huanglinc\AppData\Local\Programs\MiKTeX 2.9\tex/latex/base\article.c
ls"
Document Class: article 2018/09/03 v1.4i Standard LaTeX document class

("C:\Users\huanglinc\AppData\Local\Programs\MiKTeX 2.9\tex/latex/base\size12.cl
o"
File: size12.clo 2018/09/03 v1.4i Standard LaTeX file (size option)
)
\c@part=\count80
\c@section=\count81
\c@subsection=\count82
\c@subsubsection=\count83
\c@paragraph=\count84
\c@subparagraph=\count85
\c@figure=\count86
\c@table=\count87
\abovecaptionskip=\skip41
\belowcaptionskip=\skip42
\bibindent=\dimen102
)
("C:\Users\huanglinc\AppData\Local\Programs\MiKTeX 2.9\tex/generic/babel\babel.
sty"
Package: babel 2018/11/13 3.27 The Babel package

("C:\Users\huanglinc\AppData\Local\Programs\MiKTeX 2.9\tex/generic/babel\switch
.def"
File: switch.def 2018/11/13 3.27 Babel switching mechanism
)
*************************************
* Local config file bblopts.cfg used
*

("C:\Users\huanglinc\AppData\Local\Programs\MiKTeX 2.9\tex/latex/arabi\bblopts.
cfg"
File: bblopts.cfg 2005/09/08 v0.1 add Arabic and Farsi to "declared" options of
 babel
)
("C:\Users\huanglinc\AppData\Local\Programs\MiKTeX 2.9\tex/latex/babel-english\
english.ldf"
Language: english 2017/06/06 v3.3r English support from the babel system

("C:\Users\huanglinc\AppData\Local\Programs\MiKTeX 2.9\tex/generic/babel\babel.
def"
File: babel.def 2018/11/13 3.27 Babel common definitions
\babel@savecnt=\count88
\U@D=\dimen103

("C:\Users\huanglinc\AppData\Local\Programs\MiKTeX 2.9\tex/generic/babel\txtbab
el.def")
\bbl@dirlevel=\count89
)
\l@canadian = a dialect from \language\l@american 
\l@australian = a dialect from \language\l@british 
\l@newzealand = a dialect from \language\l@british 
))
("C:\Users\huanglinc\AppData\Local\Programs\MiKTeX 2.9\tex/latex/base\inputenc.
sty"
Package: inputenc 2018/08/11 v1.3c Input encoding file
\inpenc@prehook=\toks14
\inpenc@posthook=\toks15

("C:\Users\huanglinc\AppData\Local\Programs\MiKTeX 2.9\tex/latex/ucs\utf8x.def"
File: utf8x.def 2004/10/17 UCS: Input encoding UTF-8
)) ("C:\Users\huanglinc\AppData\Local\Programs\MiKTeX 2.9\tex/latex/ucs\ucs.sty
"
Package: ucs 2013/05/11 v2.2 UCS: Unicode input support

("C:\Users\huanglinc\AppData\Local\Programs\MiKTeX 2.9\tex/latex/ucs\uni-global
.def"
File: uni-global.def 2013/05/13 UCS: Unicode global data
)
\uc@secondtry=\count90
\uc@combtoks=\toks16
\uc@combtoksb=\toks17
\uc@temptokena=\toks18
)
("C:\Users\huanglinc\AppData\Local\Programs\MiKTeX 2.9\tex/latex/amsmath\amsmat
h.sty"
Package: amsmath 2018/12/01 v2.17b AMS math features
\@mathmargin=\skip43

For additional information on amsmath, use the `?' option.

("C:\Users\huanglinc\AppData\Local\Programs\MiKTeX 2.9\tex/latex/amsmath\amstex
t.sty"
Package: amstext 2000/06/29 v2.01 AMS text

("C:\Users\huanglinc\AppData\Local\Programs\MiKTeX 2.9\tex/latex/amsmath\amsgen
.sty"
File: amsgen.sty 1999/11/30 v2.0 generic functions
\@emptytoks=\toks19
\ex@=\dimen104
))
("C:\Users\huanglinc\AppData\Local\Programs\MiKTeX 2.9\tex/latex/amsmath\amsbsy
.sty"
Package: amsbsy 1999/11/29 v1.2d Bold Symbols
\pmbraise@=\dimen105
)
("C:\Users\huanglinc\AppData\Local\Programs\MiKTeX 2.9\tex/latex/amsmath\amsopn
.sty"
Package: amsopn 2016/03/08 v2.02 operator names
)
\inf@bad=\count91
LaTeX Info: Redefining \frac on input line 223.
\uproot@=\count92
\leftroot@=\count93
LaTeX Info: Redefining \overline on input line 385.
\classnum@=\count94
\DOTSCASE@=\count95
LaTeX Info: Redefining \ldots on input line 482.
LaTeX Info: Redefining \dots on input line 485.
LaTeX Info: Redefining \cdots on input line 606.
\Mathstrutbox@=\box27
\strutbox@=\box28
\big@size=\dimen106
LaTeX Font Info:    Redeclaring font encoding OML on input line 729.
LaTeX Font Info:    Redeclaring font encoding OMS on input line 730.
\macc@depth=\count96
\c@MaxMatrixCols=\count97
\dotsspace@=\muskip10
\c@parentequation=\count98
\dspbrk@lvl=\count99
\tag@help=\toks20
\row@=\count100
\column@=\count101
\maxfields@=\count102
\andhelp@=\toks21
\eqnshift@=\dimen107
\alignsep@=\dimen108
\tagshift@=\dimen109
\tagwidth@=\dimen110
\totwidth@=\dimen111
\lineht@=\dimen112
\@envbody=\toks22
\multlinegap=\skip44
\multlinetaggap=\skip45
\mathdisplay@stack=\toks23
LaTeX Info: Redefining \[ on input line 2844.
LaTeX Info: Redefining \] on input line 2845.
)
("C:\Users\huanglinc\AppData\Local\Programs\MiKTeX 2.9\tex/latex/graphics\graph
icx.sty"
Package: graphicx 2017/06/01 v1.1a Enhanced LaTeX Graphics (DPC,SPQR)

("C:\Users\huanglinc\AppData\Local\Programs\MiKTeX 2.9\tex/latex/graphics\keyva
l.sty"
Package: keyval 2014/10/28 v1.15 key=value parser (DPC)
\KV@toks@=\toks24
)
("C:\Users\huanglinc\AppData\Local\Programs\MiKTeX 2.9\tex/latex/graphics\graph
ics.sty"
Package: graphics 2017/06/25 v1.2c Standard LaTeX Graphics (DPC,SPQR)

("C:\Users\huanglinc\AppData\Local\Programs\MiKTeX 2.9\tex/latex/graphics\trig.
sty"
Package: trig 2016/01/03 v1.10 sin cos tan (DPC)
)
("C:\Users\huanglinc\AppData\Local\Programs\MiKTeX 2.9\tex/latex/graphics-cfg\g
raphics.cfg"
File: graphics.cfg 2016/06/04 v1.11 sample graphics configuration
)
Package graphics Info: Driver file: pdftex.def on input line 99.

("C:\Users\huanglinc\AppData\Local\Programs\MiKTeX 2.9\tex/latex/graphics-def\p
dftex.def"
File: pdftex.def 2018/01/08 v1.0l Graphics/color driver for pdftex
))
\Gin@req@height=\dimen113
\Gin@req@width=\dimen114
)
("C:\Users\huanglinc\AppData\Local\Programs\MiKTeX 2.9\tex/latex/todonotes\todo
notes.sty"
Package: todonotes 2018/11/22 v1.1.1 Todonotes source and documentation.
Package: todonotes 2018/11/22

("C:\Users\huanglinc\AppData\Local\Programs\MiKTeX 2.9\tex/latex/base\ifthen.st
y"
Package: ifthen 2014/09/29 v1.1c Standard LaTeX ifthen package (DPC)
)
("C:\Users\huanglinc\AppData\Local\Programs\MiKTeX 2.9\tex/latex/xkeyval\xkeyva
l.sty"
Package: xkeyval 2014/12/03 v2.7a package option processing (HA)

("C:\Users\huanglinc\AppData\Local\Programs\MiKTeX 2.9\tex/generic/xkeyval\xkey
val.tex"
("C:\Users\huanglinc\AppData\Local\Programs\MiKTeX 2.9\tex/generic/xkeyval\xkvu
tils.tex"
\XKV@toks=\toks25
\XKV@tempa@toks=\toks26
)
\XKV@depth=\count103
File: xkeyval.tex 2014/12/03 v2.7a key=value parser (HA)
))
("C:\Users\huanglinc\AppData\Local\Programs\MiKTeX 2.9\tex/latex/xcolor\xcolor.
sty"
Package: xcolor 2016/05/11 v2.12 LaTeX color extensions (UK)

("C:\Users\huanglinc\AppData\Local\Programs\MiKTeX 2.9\tex/latex/graphics-cfg\c
olor.cfg"
File: color.cfg 2016/01/02 v1.6 sample color configuration
)
Package xcolor Info: Driver file: pdftex.def on input line 225.
Package xcolor Info: Model `cmy' substituted by `cmy0' on input line 1348.
Package xcolor Info: Model `hsb' substituted by `rgb' on input line 1352.
Package xcolor Info: Model `RGB' extended on input line 1364.
Package xcolor Info: Model `HTML' substituted by `rgb' on input line 1366.
Package xcolor Info: Model `Hsb' substituted by `hsb' on input line 1367.
Package xcolor Info: Model `tHsb' substituted by `hsb' on input line 1368.
Package xcolor Info: Model `HSB' substituted by `hsb' on input line 1369.
Package xcolor Info: Model `Gray' substituted by `gray' on input line 1370.
Package xcolor Info: Model `wave' substituted by `hsb' on input line 1371.
)
("C:\Users\huanglinc\AppData\Local\Programs\MiKTeX 2.9\tex/latex/pgf/frontendla
yer\tikz.sty"
("C:\Users\huanglinc\AppData\Local\Programs\MiKTeX 2.9\tex/latex/pgf/basiclayer
\pgf.sty"
("C:\Users\huanglinc\AppData\Local\Programs\MiKTeX 2.9\tex/latex/pgf/utilities\
pgfrcs.sty"
("C:\Users\huanglinc\AppData\Local\Programs\MiKTeX 2.9\tex/generic/pgf/utilitie
s\pgfutil-common.tex"
\pgfutil@everybye=\toks27
\pgfutil@tempdima=\dimen115
\pgfutil@tempdimb=\dimen116

("C:\Users\huanglinc\AppData\Local\Programs\MiKTeX 2.9\tex/generic/pgf/utilitie
s\pgfutil-common-lists.tex"))
("C:\Users\huanglinc\AppData\Local\Programs\MiKTeX 2.9\tex/generic/pgf/utilitie
s\pgfutil-latex.def"
\pgfutil@abb=\box29

("C:\Users\huanglinc\AppData\Local\Programs\MiKTeX 2.9\tex/latex/ms\everyshi.st
y"
Package: everyshi 2001/05/15 v3.00 EveryShipout Package (MS)
))
("C:\Users\huanglinc\AppData\Local\Programs\MiKTeX 2.9\tex/generic/pgf/utilitie
s\pgfrcs.code.tex"
("C:\Users\huanglinc\AppData\Local\Programs\MiKTeX 2.9\tex/generic/pgf\pgf.revi
sion.tex")
Package: pgfrcs 2019/01/05 v3.1 (3.1)
))
Package: pgf 2019/01/05 v3.1 (3.1)

("C:\Users\huanglinc\AppData\Local\Programs\MiKTeX 2.9\tex/latex/pgf/basiclayer
\pgfcore.sty"
("C:\Users\huanglinc\AppData\Local\Programs\MiKTeX 2.9\tex/latex/pgf/systemlaye
r\pgfsys.sty"
("C:\Users\huanglinc\AppData\Local\Programs\MiKTeX 2.9\tex/generic/pgf/systemla
yer\pgfsys.code.tex"
Package: pgfsys 2019/01/05 v3.1 (3.1)

("C:\Users\huanglinc\AppData\Local\Programs\MiKTeX 2.9\tex/generic/pgf/utilitie
s\pgfkeys.code.tex"
\pgfkeys@pathtoks=\toks28
\pgfkeys@temptoks=\toks29

("C:\Users\huanglinc\AppData\Local\Programs\MiKTeX 2.9\tex/generic/pgf/utilitie
s\pgfkeysfiltered.code.tex"
\pgfkeys@tmptoks=\toks30
))
\pgf@x=\dimen117
\pgf@y=\dimen118
\pgf@xa=\dimen119
\pgf@ya=\dimen120
\pgf@xb=\dimen121
\pgf@yb=\dimen122
\pgf@xc=\dimen123
\pgf@yc=\dimen124
\w@pgf@writea=\write3
\r@pgf@reada=\read1
\c@pgf@counta=\count104
\c@pgf@countb=\count105
\c@pgf@countc=\count106
\c@pgf@countd=\count107
\t@pgf@toka=\toks31
\t@pgf@tokb=\toks32
\t@pgf@tokc=\toks33
\pgf@sys@id@count=\count108

("C:\Users\huanglinc\AppData\Local\Programs\MiKTeX 2.9\tex/generic/pgf/systemla
yer\pgf.cfg"
File: pgf.cfg 2019/01/05 v3.1 (3.1)
)
Driver file for pgf: pgfsys-pdftex.def

("C:\Users\huanglinc\AppData\Local\Programs\MiKTeX 2.9\tex/generic/pgf/systemla
yer\pgfsys-pdftex.def"
File: pgfsys-pdftex.def 2019/01/05 v3.1 (3.1)

("C:\Users\huanglinc\AppData\Local\Programs\MiKTeX 2.9\tex/generic/pgf/systemla
yer\pgfsys-common-pdf.def"
File: pgfsys-common-pdf.def 2019/01/05 v3.1 (3.1)
)))
("C:\Users\huanglinc\AppData\Local\Programs\MiKTeX 2.9\tex/generic/pgf/systemla
yer\pgfsyssoftpath.code.tex"
File: pgfsyssoftpath.code.tex 2019/01/05 v3.1 (3.1)
\pgfsyssoftpath@smallbuffer@items=\count109
\pgfsyssoftpath@bigbuffer@items=\count110
)
("C:\Users\huanglinc\AppData\Local\Programs\MiKTeX 2.9\tex/generic/pgf/systemla
yer\pgfsysprotocol.code.tex"
File: pgfsysprotocol.code.tex 2019/01/05 v3.1 (3.1)
))
("C:\Users\huanglinc\AppData\Local\Programs\MiKTeX 2.9\tex/generic/pgf/basiclay
er\pgfcore.code.tex"
Package: pgfcore 2019/01/05 v3.1 (3.1)

("C:\Users\huanglinc\AppData\Local\Programs\MiKTeX 2.9\tex/generic/pgf/math\pgf
math.code.tex"
("C:\Users\huanglinc\AppData\Local\Programs\MiKTeX 2.9\tex/generic/pgf/math\pgf
mathcalc.code.tex"
("C:\Users\huanglinc\AppData\Local\Programs\MiKTeX 2.9\tex/generic/pgf/math\pgf
mathutil.code.tex")
("C:\Users\huanglinc\AppData\Local\Programs\MiKTeX 2.9\tex/generic/pgf/math\pgf
mathparser.code.tex"
\pgfmath@dimen=\dimen125
\pgfmath@count=\count111
\pgfmath@box=\box30
\pgfmath@toks=\toks34
\pgfmath@stack@operand=\toks35
\pgfmath@stack@operation=\toks36
)
("C:\Users\huanglinc\AppData\Local\Programs\MiKTeX 2.9\tex/generic/pgf/math\pgf
mathfunctions.code.tex"
("C:\Users\huanglinc\AppData\Local\Programs\MiKTeX 2.9\tex/generic/pgf/math\pgf
mathfunctions.basic.code.tex")
("C:\Users\huanglinc\AppData\Local\Programs\MiKTeX 2.9\tex/generic/pgf/math\pgf
mathfunctions.trigonometric.code.tex")
("C:\Users\huanglinc\AppData\Local\Programs\MiKTeX 2.9\tex/generic/pgf/math\pgf
mathfunctions.random.code.tex")
("C:\Users\huanglinc\AppData\Local\Programs\MiKTeX 2.9\tex/generic/pgf/math\pgf
mathfunctions.comparison.code.tex")
("C:\Users\huanglinc\AppData\Local\Programs\MiKTeX 2.9\tex/generic/pgf/math\pgf
mathfunctions.base.code.tex")
("C:\Users\huanglinc\AppData\Local\Programs\MiKTeX 2.9\tex/generic/pgf/math\pgf
mathfunctions.round.code.tex")
("C:\Users\huanglinc\AppData\Local\Programs\MiKTeX 2.9\tex/generic/pgf/math\pgf
mathfunctions.misc.code.tex")
("C:\Users\huanglinc\AppData\Local\Programs\MiKTeX 2.9\tex/generic/pgf/math\pgf
mathfunctions.integerarithmetics.code.tex")))
("C:\Users\huanglinc\AppData\Local\Programs\MiKTeX 2.9\tex/generic/pgf/math\pgf
mathfloat.code.tex"
\c@pgfmathroundto@lastzeros=\count112
))
("C:\Users\huanglinc\AppData\Local\Programs\MiKTeX 2.9\tex/generic/pgf/basiclay
er\pgfcorepoints.code.tex"
File: pgfcorepoints.code.tex 2019/01/05 v3.1 (3.1)
\pgf@picminx=\dimen126
\pgf@picmaxx=\dimen127
\pgf@picminy=\dimen128
\pgf@picmaxy=\dimen129
\pgf@pathminx=\dimen130
\pgf@pathmaxx=\dimen131
\pgf@pathminy=\dimen132
\pgf@pathmaxy=\dimen133
\pgf@xx=\dimen134
\pgf@xy=\dimen135
\pgf@yx=\dimen136
\pgf@yy=\dimen137
\pgf@zx=\dimen138
\pgf@zy=\dimen139
)
("C:\Users\huanglinc\AppData\Local\Programs\MiKTeX 2.9\tex/generic/pgf/basiclay
er\pgfcorepathconstruct.code.tex"
File: pgfcorepathconstruct.code.tex 2019/01/05 v3.1 (3.1)
\pgf@path@lastx=\dimen140
\pgf@path@lasty=\dimen141
)
("C:\Users\huanglinc\AppData\Local\Programs\MiKTeX 2.9\tex/generic/pgf/basiclay
er\pgfcorepathusage.code.tex"
File: pgfcorepathusage.code.tex 2019/01/05 v3.1 (3.1)
\pgf@shorten@end@additional=\dimen142
\pgf@shorten@start@additional=\dimen143
)
("C:\Users\huanglinc\AppData\Local\Programs\MiKTeX 2.9\tex/generic/pgf/basiclay
er\pgfcorescopes.code.tex"
File: pgfcorescopes.code.tex 2019/01/05 v3.1 (3.1)
\pgfpic=\box31
\pgf@hbox=\box32
\pgf@layerbox@main=\box33
\pgf@picture@serial@count=\count113
)
("C:\Users\huanglinc\AppData\Local\Programs\MiKTeX 2.9\tex/generic/pgf/basiclay
er\pgfcoregraphicstate.code.tex"
File: pgfcoregraphicstate.code.tex 2019/01/05 v3.1 (3.1)
\pgflinewidth=\dimen144
)
("C:\Users\huanglinc\AppData\Local\Programs\MiKTeX 2.9\tex/generic/pgf/basiclay
er\pgfcoretransformations.code.tex"
File: pgfcoretransformations.code.tex 2019/01/05 v3.1 (3.1)
\pgf@pt@x=\dimen145
\pgf@pt@y=\dimen146
\pgf@pt@temp=\dimen147
)
("C:\Users\huanglinc\AppData\Local\Programs\MiKTeX 2.9\tex/generic/pgf/basiclay
er\pgfcorequick.code.tex"
File: pgfcorequick.code.tex 2019/01/05 v3.1 (3.1)
)
("C:\Users\huanglinc\AppData\Local\Programs\MiKTeX 2.9\tex/generic/pgf/basiclay
er\pgfcoreobjects.code.tex"
File: pgfcoreobjects.code.tex 2019/01/05 v3.1 (3.1)
)
("C:\Users\huanglinc\AppData\Local\Programs\MiKTeX 2.9\tex/generic/pgf/basiclay
er\pgfcorepathprocessing.code.tex"
File: pgfcorepathprocessing.code.tex 2019/01/05 v3.1 (3.1)
)
("C:\Users\huanglinc\AppData\Local\Programs\MiKTeX 2.9\tex/generic/pgf/basiclay
er\pgfcorearrows.code.tex"
File: pgfcorearrows.code.tex 2019/01/05 v3.1 (3.1)
\pgfarrowsep=\dimen148
)
("C:\Users\huanglinc\AppData\Local\Programs\MiKTeX 2.9\tex/generic/pgf/basiclay
er\pgfcoreshade.code.tex"
File: pgfcoreshade.code.tex 2019/01/05 v3.1 (3.1)
\pgf@max=\dimen149
\pgf@sys@shading@range@num=\count114
)
("C:\Users\huanglinc\AppData\Local\Programs\MiKTeX 2.9\tex/generic/pgf/basiclay
er\pgfcoreimage.code.tex"
File: pgfcoreimage.code.tex 2019/01/05 v3.1 (3.1)

("C:\Users\huanglinc\AppData\Local\Programs\MiKTeX 2.9\tex/generic/pgf/basiclay
er\pgfcoreexternal.code.tex"
File: pgfcoreexternal.code.tex 2019/01/05 v3.1 (3.1)
\pgfexternal@startupbox=\box34
))
("C:\Users\huanglinc\AppData\Local\Programs\MiKTeX 2.9\tex/generic/pgf/basiclay
er\pgfcorelayers.code.tex"
File: pgfcorelayers.code.tex 2019/01/05 v3.1 (3.1)
)
("C:\Users\huanglinc\AppData\Local\Programs\MiKTeX 2.9\tex/generic/pgf/basiclay
er\pgfcoretransparency.code.tex"
File: pgfcoretransparency.code.tex 2019/01/05 v3.1 (3.1)
)
("C:\Users\huanglinc\AppData\Local\Programs\MiKTeX 2.9\tex/generic/pgf/basiclay
er\pgfcorepatterns.code.tex"
File: pgfcorepatterns.code.tex 2019/01/05 v3.1 (3.1)
)
("C:\Users\huanglinc\AppData\Local\Programs\MiKTeX 2.9\tex/generic/pgf/basiclay
er\pgfcorerdf.code.tex"
File: pgfcorerdf.code.tex 2019/01/05 v3.1 (3.1)
)))
("C:\Users\huanglinc\AppData\Local\Programs\MiKTeX 2.9\tex/generic/pgf/modules\
pgfmoduleshapes.code.tex"
File: pgfmoduleshapes.code.tex 2019/01/05 v3.1 (3.1)
\pgfnodeparttextbox=\box35
)
("C:\Users\huanglinc\AppData\Local\Programs\MiKTeX 2.9\tex/generic/pgf/modules\
pgfmoduleplot.code.tex"
File: pgfmoduleplot.code.tex 2019/01/05 v3.1 (3.1)
)
("C:\Users\huanglinc\AppData\Local\Programs\MiKTeX 2.9\tex/latex/pgf/compatibil
ity\pgfcomp-version-0-65.sty"
Package: pgfcomp-version-0-65 2019/01/05 v3.1 (3.1)
\pgf@nodesepstart=\dimen150
\pgf@nodesepend=\dimen151
)
("C:\Users\huanglinc\AppData\Local\Programs\MiKTeX 2.9\tex/latex/pgf/compatibil
ity\pgfcomp-version-1-18.sty"
Package: pgfcomp-version-1-18 2019/01/05 v3.1 (3.1)
))
("C:\Users\huanglinc\AppData\Local\Programs\MiKTeX 2.9\tex/latex/pgf/utilities\
pgffor.sty"
("C:\Users\huanglinc\AppData\Local\Programs\MiKTeX 2.9\tex/latex/pgf/utilities\
pgfkeys.sty"
("C:\Users\huanglinc\AppData\Local\Programs\MiKTeX 2.9\tex/generic/pgf/utilitie
s\pgfkeys.code.tex"))
("C:\Users\huanglinc\AppData\Local\Programs\MiKTeX 2.9\tex/latex/pgf/math\pgfma
th.sty"
("C:\Users\huanglinc\AppData\Local\Programs\MiKTeX 2.9\tex/generic/pgf/math\pgf
math.code.tex"))
("C:\Users\huanglinc\AppData\Local\Programs\MiKTeX 2.9\tex/generic/pgf/utilitie
s\pgffor.code.tex"
Package: pgffor 2019/01/05 v3.1 (3.1)

("C:\Users\huanglinc\AppData\Local\Programs\MiKTeX 2.9\tex/generic/pgf/math\pgf
math.code.tex")
\pgffor@iter=\dimen152
\pgffor@skip=\dimen153
\pgffor@stack=\toks37
\pgffor@toks=\toks38
))
("C:\Users\huanglinc\AppData\Local\Programs\MiKTeX 2.9\tex/generic/pgf/frontend
layer/tikz\tikz.code.tex"
Package: tikz 2019/01/05 v3.1 (3.1)

("C:\Users\huanglinc\AppData\Local\Programs\MiKTeX 2.9\tex/generic/pgf/librarie
s\pgflibraryplothandlers.code.tex"
File: pgflibraryplothandlers.code.tex 2019/01/05 v3.1 (3.1)
\pgf@plot@mark@count=\count115
\pgfplotmarksize=\dimen154
)
\tikz@lastx=\dimen155
\tikz@lasty=\dimen156
\tikz@lastxsaved=\dimen157
\tikz@lastysaved=\dimen158
\tikzleveldistance=\dimen159
\tikzsiblingdistance=\dimen160
\tikz@figbox=\box36
\tikz@figbox@bg=\box37
\tikz@tempbox=\box38
\tikz@tempbox@bg=\box39
\tikztreelevel=\count116
\tikznumberofchildren=\count117
\tikznumberofcurrentchild=\count118
\tikz@fig@count=\count119

("C:\Users\huanglinc\AppData\Local\Programs\MiKTeX 2.9\tex/generic/pgf/modules\
pgfmodulematrix.code.tex"
File: pgfmodulematrix.code.tex 2019/01/05 v3.1 (3.1)
\pgfmatrixcurrentrow=\count120
\pgfmatrixcurrentcolumn=\count121
\pgf@matrix@numberofcolumns=\count122
)
\tikz@expandcount=\count123

("C:\Users\huanglinc\AppData\Local\Programs\MiKTeX 2.9\tex/generic/pgf/frontend
layer/tikz/libraries\tikzlibrarytopaths.code.tex"
File: tikzlibrarytopaths.code.tex 2019/01/05 v3.1 (3.1)
)))
("C:\Users\huanglinc\AppData\Local\Programs\MiKTeX 2.9\tex/generic/pgf/frontend
layer/tikz/libraries\tikzlibrarypositioning.code.tex"
File: tikzlibrarypositioning.code.tex 2019/01/05 v3.1 (3.1)
)
("C:\Users\huanglinc\AppData\Local\Programs\MiKTeX 2.9\tex/generic/pgf/frontend
layer/tikz/libraries\tikzlibraryshadows.code.tex"
File: tikzlibraryshadows.code.tex 2019/01/05 v3.1 (3.1)

("C:\Users\huanglinc\AppData\Local\Programs\MiKTeX 2.9\tex/generic/pgf/frontend
layer/tikz/libraries\tikzlibraryfadings.code.tex"
File: tikzlibraryfadings.code.tex 2019/01/05 v3.1 (3.1)

("C:\Users\huanglinc\AppData\Local\Programs\MiKTeX 2.9\tex/generic/pgf/librarie
s\pgflibraryfadings.code.tex"
File: pgflibraryfadings.code.tex 2019/01/05 v3.1 (3.1)
)))
("C:\Users\huanglinc\AppData\Local\Programs\MiKTeX 2.9\tex/latex/tools\calc.sty
"
Package: calc 2017/05/25 v4.3 Infix arithmetic (KKT,FJ)
\calc@Acount=\count124
\calc@Bcount=\count125
\calc@Adimen=\dimen161
\calc@Bdimen=\dimen162
\calc@Askip=\skip46
\calc@Bskip=\skip47
LaTeX Info: Redefining \setlength on input line 80.
LaTeX Info: Redefining \addtolength on input line 81.
\calc@Ccount=\count126
\calc@Cskip=\skip48
)
\c@@todonotes@numberoftodonotes=\count127
)
("C:\Users\huanglinc\AppData\Local\Programs\MiKTeX 2.9\tex/latex/subfigure\subf
igure.sty"
Package: subfigure 2002/07/30 v2.1.4 subfigure package
\subfigtopskip=\skip49
\subfigcapskip=\skip50
\subfigcaptopadj=\dimen163
\subfigbottomskip=\skip51
\subfigcapmargin=\dimen164
\subfiglabelskip=\skip52
\c@subfigure=\count128
\c@lofdepth=\count129
\c@subtable=\count130
\c@lotdepth=\count131

****************************************
* Local config file subfigure.cfg used *
****************************************

("C:\Users\huanglinc\AppData\Local\Programs\MiKTeX 2.9\tex/latex/subfigure\subf
igure.cfg")
\subfig@top=\skip53
\subfig@bottom=\skip54
)
("C:\Users\huanglinc\AppData\Local\Programs\MiKTeX 2.9\tex/latex/float\float.st
y"
Package: float 2001/11/08 v1.3d Float enhancements (AL)
\c@float@type=\count132
\float@exts=\toks39
\float@box=\box40
\@float@everytoks=\toks40
\@floatcapt=\box41
)
("C:\Users\huanglinc\AppData\Local\Programs\MiKTeX 2.9\tex/latex/tools\array.st
y"
Package: array 2018/11/13 v2.4j Tabular extension package (FMi)
\col@sep=\dimen165
\ar@mcellbox=\box42
\extrarowheight=\dimen166
\NC@list=\toks41
\extratabsurround=\skip55
\backup@length=\skip56
\ar@cellbox=\box43
) ("C:\Users\huanglinc\AppData\Local\Programs\MiKTeX 2.9\tex/latex/url\url.sty"
\Urlmuskip=\muskip11
Package: url 2013/09/16  ver 3.4  Verb mode for urls, etc.
)
("C:\Users\huanglinc\AppData\Local\Programs\MiKTeX 2.9\tex/latex/enumitem\enumi
tem.sty"
Package: enumitem 2019/01/14 v3.7 Customized lists
\labelindent=\skip57
\enit@outerparindent=\dimen167
\enit@toks=\toks42
\enit@inbox=\box44
\enit@count@id=\count133
\enitdp@description=\count134
)
("C:\Users\huanglinc\AppData\Local\Programs\MiKTeX 2.9\tex/latex/booktabs\bookt
abs.sty"
Package: booktabs 2005/04/14 v1.61803 publication quality tables
\heavyrulewidth=\dimen168
\lightrulewidth=\dimen169
\cmidrulewidth=\dimen170
\belowrulesep=\dimen171
\belowbottomsep=\dimen172
\aboverulesep=\dimen173
\abovetopsep=\dimen174
\cmidrulesep=\dimen175
\cmidrulekern=\dimen176
\defaultaddspace=\dimen177
\@cmidla=\count135
\@cmidlb=\count136
\@aboverulesep=\dimen178
\@belowrulesep=\dimen179
\@thisruleclass=\count137
\@lastruleclass=\count138
\@thisrulewidth=\dimen180
)
("C:\Users\huanglinc\AppData\Local\Programs\MiKTeX 2.9\tex/latex/listings\listi
ngs.sty"
\lst@mode=\count139
\lst@gtempboxa=\box45
\lst@token=\toks43
\lst@length=\count140
\lst@currlwidth=\dimen181
\lst@column=\count141
\lst@pos=\count142
\lst@lostspace=\dimen182
\lst@width=\dimen183
\lst@newlines=\count143
\lst@lineno=\count144
\lst@maxwidth=\dimen184

("C:\Users\huanglinc\AppData\Local\Programs\MiKTeX 2.9\tex/latex/listings\lstmi
sc.sty"
File: lstmisc.sty 2018/09/02 1.7 (Carsten Heinz)
\c@lstnumber=\count145
\lst@skipnumbers=\count146
\lst@framebox=\box46
)
("C:\Users\huanglinc\AppData\Local\Programs\MiKTeX 2.9\tex/latex/listings\listi
ngs.cfg"
File: listings.cfg 2018/09/02 1.7 listings configuration
))
Package: listings 2018/09/02 1.7 (Carsten Heinz)

("C:\Users\huanglinc\AppData\Local\Programs\MiKTeX 2.9\tex/latex/lm\lmodern.sty
"
Package: lmodern 2009/10/30 v1.6 Latin Modern Fonts
LaTeX Font Info:    Overwriting symbol font `operators' in version `normal'
(Font)                  OT1/cmr/m/n --> OT1/lmr/m/n on input line 22.
LaTeX Font Info:    Overwriting symbol font `letters' in version `normal'
(Font)                  OML/cmm/m/it --> OML/lmm/m/it on input line 23.
LaTeX Font Info:    Overwriting symbol font `symbols' in version `normal'
(Font)                  OMS/cmsy/m/n --> OMS/lmsy/m/n on input line 24.
LaTeX Font Info:    Overwriting symbol font `largesymbols' in version `normal'
(Font)                  OMX/cmex/m/n --> OMX/lmex/m/n on input line 25.
LaTeX Font Info:    Overwriting symbol font `operators' in version `bold'
(Font)                  OT1/cmr/bx/n --> OT1/lmr/bx/n on input line 26.
LaTeX Font Info:    Overwriting symbol font `letters' in version `bold'
(Font)                  OML/cmm/b/it --> OML/lmm/b/it on input line 27.
LaTeX Font Info:    Overwriting symbol font `symbols' in version `bold'
(Font)                  OMS/cmsy/b/n --> OMS/lmsy/b/n on input line 28.
LaTeX Font Info:    Overwriting symbol font `largesymbols' in version `bold'
(Font)                  OMX/cmex/m/n --> OMX/lmex/m/n on input line 29.
LaTeX Font Info:    Overwriting math alphabet `\mathbf' in version `normal'
(Font)                  OT1/cmr/bx/n --> OT1/lmr/bx/n on input line 31.
LaTeX Font Info:    Overwriting math alphabet `\mathsf' in version `normal'
(Font)                  OT1/cmss/m/n --> OT1/lmss/m/n on input line 32.
LaTeX Font Info:    Overwriting math alphabet `\mathit' in version `normal'
(Font)                  OT1/cmr/m/it --> OT1/lmr/m/it on input line 33.
LaTeX Font Info:    Overwriting math alphabet `\mathtt' in version `normal'
(Font)                  OT1/cmtt/m/n --> OT1/lmtt/m/n on input line 34.
LaTeX Font Info:    Overwriting math alphabet `\mathbf' in version `bold'
(Font)                  OT1/cmr/bx/n --> OT1/lmr/bx/n on input line 35.
LaTeX Font Info:    Overwriting math alphabet `\mathsf' in version `bold'
(Font)                  OT1/cmss/bx/n --> OT1/lmss/bx/n on input line 36.
LaTeX Font Info:    Overwriting math alphabet `\mathit' in version `bold'
(Font)                  OT1/cmr/bx/it --> OT1/lmr/bx/it on input line 37.
LaTeX Font Info:    Overwriting math alphabet `\mathtt' in version `bold'
(Font)                  OT1/cmtt/m/n --> OT1/lmtt/m/n on input line 38.
)
("C:\Users\huanglinc\AppData\Local\Programs\MiKTeX 2.9\tex/latex/oberdiek\pdfls
cape.sty"
Package: pdflscape 2016/05/14 v0.11 Display of landscape pages in PDF (HO)

("C:\Users\huanglinc\AppData\Local\Programs\MiKTeX 2.9\tex/latex/graphics\lscap
e.sty"
Package: lscape 2000/10/22 v3.01 Landscape Pages (DPC)
)
("C:\Users\huanglinc\AppData\Local\Programs\MiKTeX 2.9\tex/generic/oberdiek\ifp
df.sty"
Package: ifpdf 2018/09/07 v3.3 Provides the ifpdf switch
)
Package pdflscape Info: Auto-detected driver: pdftex on input line 81.

("C:\Users\huanglinc\AppData\Local\Programs\MiKTeX 2.9\tex/generic/ifxetex\ifxe
tex.sty"
Package: ifxetex 2010/09/12 v0.6 Provides ifxetex conditional
))
("C:\Users\huanglinc\AppData\Local\Programs\MiKTeX 2.9\tex/latex/soul\soul.sty"
Package: soul 2003/11/17 v2.4 letterspacing/underlining (mf)
\SOUL@word=\toks44
\SOUL@lasttoken=\toks45
\SOUL@cmds=\toks46
\SOUL@buffer=\toks47
\SOUL@token=\toks48
\SOUL@spaceskip=\skip58
\SOUL@ttwidth=\dimen185
\SOUL@uldp=\dimen186
\SOUL@ulht=\dimen187
)
("C:\Users\huanglinc\AppData\Local\Programs\MiKTeX 2.9\tex/latex/l3packages/xpa
rse\xparse.sty"
("C:\Users\huanglinc\AppData\Local\Programs\MiKTeX 2.9\tex/latex/l3kernel\expl3
.sty"
Package: expl3 2019-02-15 L3 programming layer (loader) 

("C:\Users\huanglinc\AppData\Local\Programs\MiKTeX 2.9\tex/latex/l3kernel\expl3
-code.tex"
Package: expl3 2019-02-15 L3 programming layer (code)
\c_max_int=\count147
\l_tmpa_int=\count148
\l_tmpb_int=\count149
\g_tmpa_int=\count150
\g_tmpb_int=\count151
\g__kernel_prg_map_int=\count152
\c_log_iow=\count153
\l_iow_line_count_int=\count154
\l__iow_line_target_int=\count155
\l__iow_one_indent_int=\count156
\l__iow_indent_int=\count157
\c_zero_dim=\dimen188
\c_max_dim=\dimen189
\l_tmpa_dim=\dimen190
\l_tmpb_dim=\dimen191
\g_tmpa_dim=\dimen192
\g_tmpb_dim=\dimen193
\c_zero_skip=\skip59
\c_max_skip=\skip60
\l_tmpa_skip=\skip61
\l_tmpb_skip=\skip62
\g_tmpa_skip=\skip63
\g_tmpb_skip=\skip64
\c_zero_muskip=\muskip12
\c_max_muskip=\muskip13
\l_tmpa_muskip=\muskip14
\l_tmpb_muskip=\muskip15
\g_tmpa_muskip=\muskip16
\g_tmpb_muskip=\muskip17
\l_keys_choice_int=\count158
\l__intarray_loop_int=\count159
\c__intarray_sp_dim=\dimen194
\g__intarray_font_int=\count160
\c__fp_leading_shift_int=\count161
\c__fp_middle_shift_int=\count162
\c__fp_trailing_shift_int=\count163
\c__fp_big_leading_shift_int=\count164
\c__fp_big_middle_shift_int=\count165
\c__fp_big_trailing_shift_int=\count166
\c__fp_Bigg_leading_shift_int=\count167
\c__fp_Bigg_middle_shift_int=\count168
\c__fp_Bigg_trailing_shift_int=\count169
\c__kernel_randint_max_int=\count170
\g__fp_array_int=\count171
\l__fp_array_loop_int=\count172
\l__sort_length_int=\count173
\l__sort_min_int=\count174
\l__sort_top_int=\count175
\l__sort_max_int=\count176
\l__sort_true_max_int=\count177
\l__sort_block_int=\count178
\l__sort_begin_int=\count179
\l__sort_end_int=\count180
\l__sort_A_int=\count181
\l__sort_B_int=\count182
\l__sort_C_int=\count183
\l__tl_analysis_normal_int=\count184
\l__tl_analysis_index_int=\count185
\l__tl_analysis_nesting_int=\count186
\l__tl_analysis_type_int=\count187
\l__regex_internal_a_int=\count188
\l__regex_internal_b_int=\count189
\l__regex_internal_c_int=\count190
\l__regex_balance_int=\count191
\l__regex_group_level_int=\count192
\l__regex_mode_int=\count193
\c__regex_cs_in_class_mode_int=\count194
\c__regex_cs_mode_int=\count195
\l__regex_catcodes_int=\count196
\l__regex_default_catcodes_int=\count197
\c__regex_catcode_D_int=\count198
\c__regex_catcode_S_int=\count199
\c__regex_catcode_L_int=\count266
\c__regex_catcode_O_int=\count267
\c__regex_catcode_A_int=\count268
\c__regex_all_catcodes_int=\count269
\l__regex_show_lines_int=\count270
\l__regex_min_state_int=\count271
\l__regex_max_state_int=\count272
\l__regex_left_state_int=\count273
\l__regex_right_state_int=\count274
\l__regex_capturing_group_int=\count275
\l__regex_min_pos_int=\count276
\l__regex_max_pos_int=\count277
\l__regex_curr_pos_int=\count278
\l__regex_start_pos_int=\count279
\l__regex_success_pos_int=\count280
\l__regex_curr_char_int=\count281
\l__regex_curr_catcode_int=\count282
\l__regex_last_char_int=\count283
\l__regex_case_changed_char_int=\count284
\l__regex_curr_state_int=\count285
\l__regex_step_int=\count286
\l__regex_min_active_int=\count287
\l__regex_max_active_int=\count288
\l__regex_replacement_csnames_int=\count289
\l__regex_match_count_int=\count290
\l__regex_min_submatch_int=\count291
\l__regex_submatch_int=\count292
\l__regex_zeroth_submatch_int=\count293
\g__regex_trace_regex_int=\count294
\c_empty_box=\box47
\l_tmpa_box=\box48
\l_tmpb_box=\box49
\g_tmpa_box=\box50
\g_tmpb_box=\box51
\l__box_top_dim=\dimen195
\l__box_bottom_dim=\dimen196
\l__box_left_dim=\dimen197
\l__box_right_dim=\dimen198
\l__box_top_new_dim=\dimen199
\l__box_bottom_new_dim=\dimen256
\l__box_left_new_dim=\dimen257
\l__box_right_new_dim=\dimen258
\l__box_internal_box=\box52
\l__coffin_internal_box=\box53
\l__coffin_internal_dim=\dimen259
\l__coffin_offset_x_dim=\dimen260
\l__coffin_offset_y_dim=\dimen261
\l__coffin_x_dim=\dimen262
\l__coffin_y_dim=\dimen263
\l__coffin_x_prime_dim=\dimen264
\l__coffin_y_prime_dim=\dimen265
\c_empty_coffin=\box54
\l__coffin_aligned_coffin=\box55
\l__coffin_aligned_internal_coffin=\box56
\l_tmpa_coffin=\box57
\l_tmpb_coffin=\box58
\g_tmpa_coffin=\box59
\g_tmpb_coffin=\box60
\c__coffin_empty_coffin=\box61
\l__coffin_display_coffin=\box62
\l__coffin_display_coord_coffin=\box63
\l__coffin_display_pole_coffin=\box64
\l__coffin_display_offset_dim=\dimen266
\l__coffin_display_x_dim=\dimen267
\l__coffin_display_y_dim=\dimen268
\g__file_internal_ior=\read2
\l__coffin_bounding_shift_dim=\dimen269
\l__coffin_left_corner_dim=\dimen270
\l__coffin_right_corner_dim=\dimen271
\l__coffin_bottom_corner_dim=\dimen272
\l__coffin_top_corner_dim=\dimen273
\l__coffin_scaled_total_height_dim=\dimen274
\l__coffin_scaled_width_dim=\dimen275
\l__seq_internal_a_int=\count295
\l__seq_internal_b_int=\count296
)
("C:\Users\huanglinc\AppData\Local\Programs\MiKTeX 2.9\tex/latex/l3kernel\l3pdf
mode.def"
File: l3pdfmode.def 2019-02-15 v L3 Experimental driver: PDF mode
\l__driver_color_stack_int=\count297
))
Package: xparse 2018-10-17 L3 Experimental document command parser
\l__xparse_current_arg_int=\count298
\g__xparse_grabber_int=\count299
\l__xparse_m_args_int=\count300
\l__xparse_mandatory_args_int=\count301
\l__xparse_v_nesting_int=\count302
)
("C:\Users\huanglinc\AppData\Local\Programs\MiKTeX 2.9\tex/latex/adjustbox\adju
stbox.sty"
Package: adjustbox 2019/01/04 v1.2 Adjusting TeX boxes (trim, clip, ...)

("C:\Users\huanglinc\AppData\Local\Programs\MiKTeX 2.9\tex/latex/adjustbox\adjc
alc.sty"
Package: adjcalc 2012/05/16 v1.1 Provides advanced setlength with multiple back
-ends (calc, etex, pgfmath)
)
("C:\Users\huanglinc\AppData\Local\Programs\MiKTeX 2.9\tex/latex/adjustbox\trim
clip.sty"
Package: trimclip 2018/04/08 v1.1 Trim and clip general TeX material

("C:\Users\huanglinc\AppData\Local\Programs\MiKTeX 2.9\tex/latex/collectbox\col
lectbox.sty"
Package: collectbox 2012/05/17 v0.4b Collect macro arguments as boxes
\collectedbox=\box65
)
\tc@llx=\dimen276
\tc@lly=\dimen277
\tc@urx=\dimen278
\tc@ury=\dimen279
Package trimclip Info: Using driver 'tc-pdftex.def'.

("C:\Users\huanglinc\AppData\Local\Programs\MiKTeX 2.9\tex/latex/adjustbox\tc-p
dftex.def"
File: tc-pdftex.def 2019/01/04 v2.2 Clipping driver for pdftex
))
\adjbox@Width=\dimen280
\adjbox@Height=\dimen281
\adjbox@Depth=\dimen282
\adjbox@Totalheight=\dimen283
\adjbox@pwidth=\dimen284
\adjbox@pheight=\dimen285
\adjbox@pdepth=\dimen286
\adjbox@ptotalheight=\dimen287

("C:\Users\huanglinc\AppData\Local\Programs\MiKTeX 2.9\tex/latex/ifoddpage\ifod
dpage.sty"
Package: ifoddpage 2016/04/23 v1.1 Conditionals for odd/even page detection
\c@checkoddpage=\count303
)
("C:\Users\huanglinc\AppData\Local\Programs\MiKTeX 2.9\tex/latex/varwidth\varwi
dth.sty"
Package: varwidth 2009/03/30 ver 0.92;  Variable-width minipages
\@vwid@box=\box66
\sift@deathcycles=\count304
\@vwid@loff=\dimen288
\@vwid@roff=\dimen289
))
("C:\Users\huanglinc\AppData\Local\Programs\MiKTeX 2.9\tex/latex/listings\lstla
ng1.sty"
File: lstlang1.sty 2018/09/02 1.7 listings language file
)
("C:\Users\huanglinc\AppData\Local\Programs\MiKTeX 2.9\tex/latex/geometry\geome
try.sty"
Package: geometry 2018/04/16 v5.8 Page Geometry

("C:\Users\huanglinc\AppData\Local\Programs\MiKTeX 2.9\tex/generic/oberdiek\ifv
tex.sty"
Package: ifvtex 2016/05/16 v1.6 Detect VTeX and its facilities (HO)
Package ifvtex Info: VTeX not detected.
)
\Gm@cnth=\count305
\Gm@cntv=\count306
\c@Gm@tempcnt=\count307
\Gm@bindingoffset=\dimen290
\Gm@wd@mp=\dimen291
\Gm@odd@mp=\dimen292
\Gm@even@mp=\dimen293
\Gm@layoutwidth=\dimen294
\Gm@layoutheight=\dimen295
\Gm@layouthoffset=\dimen296
\Gm@layoutvoffset=\dimen297
\Gm@dimlist=\toks49

("C:\Users\huanglinc\AppData\Local\Programs\MiKTeX 2.9\tex/latex/geometry\geome
try.cfg")) (report.aux

LaTeX Warning: Label `tab:summary' multiply defined.


LaTeX Warning: Label `tab:summary_best' multiply defined.


LaTeX Warning: Label `tab:summary' multiply defined.


LaTeX Warning: Label `tab:summary_best' multiply defined.

)
\openout1 = `report.aux'.

LaTeX Font Info:    Checking defaults for OML/cmm/m/it on input line 53.
LaTeX Font Info:    ... okay on input line 53.
LaTeX Font Info:    Checking defaults for T1/cmr/m/n on input line 53.
LaTeX Font Info:    ... okay on input line 53.
LaTeX Font Info:    Checking defaults for OT1/cmr/m/n on input line 53.
LaTeX Font Info:    ... okay on input line 53.
LaTeX Font Info:    Checking defaults for OMS/cmsy/m/n on input line 53.
LaTeX Font Info:    ... okay on input line 53.
LaTeX Font Info:    Checking defaults for OMX/cmex/m/n on input line 53.
LaTeX Font Info:    ... okay on input line 53.
LaTeX Font Info:    Checking defaults for U/cmr/m/n on input line 53.
LaTeX Font Info:    ... okay on input line 53.
LaTeX Font Info:    Try loading font information for OT1+lmr on input line 53.
 ("C:\Users\huanglinc\AppData\Local\Programs\MiKTeX 2.9\tex/latex/lm\ot1lmr.fd"
File: ot1lmr.fd 2009/10/30 v1.6 Font defs for Latin Modern
)
("C:\Users\huanglinc\AppData\Local\Programs\MiKTeX 2.9\tex/latex/ucs\ucsencs.de
f"
File: ucsencs.def 2011/01/21 Fixes to fontencodings LGR, T3
)
("C:\Users\huanglinc\AppData\Local\Programs\MiKTeX 2.9\tex/context/base\supp-pd
f.mkii"
[Loading MPS to PDF converter (version 2006.09.02).]
\scratchcounter=\count308
\scratchdimen=\dimen298
\scratchbox=\box67
\nofMPsegments=\count309
\nofMParguments=\count310
\everyMPshowfont=\toks50
\MPscratchCnt=\count311
\MPscratchDim=\dimen299
\MPnumerator=\count312
\makeMPintoPDFobject=\count313
\everyMPtoPDFconversion=\toks51
)
("C:\Users\huanglinc\AppData\Local\Programs\MiKTeX 2.9\tex/latex/oberdiek\epsto
pdf-base.sty"
Package: epstopdf-base 2016/05/15 v2.6 Base part for package epstopdf

("C:\Users\huanglinc\AppData\Local\Programs\MiKTeX 2.9\tex/generic/oberdiek\inf
warerr.sty"
Package: infwarerr 2016/05/16 v1.4 Providing info/warning/error messages (HO)
)
("C:\Users\huanglinc\AppData\Local\Programs\MiKTeX 2.9\tex/latex/oberdiek\grfex
t.sty"
Package: grfext 2016/05/16 v1.2 Manage graphics extensions (HO)

("C:\Users\huanglinc\AppData\Local\Programs\MiKTeX 2.9\tex/generic/oberdiek\kvd
efinekeys.sty"
Package: kvdefinekeys 2016/05/16 v1.4 Define keys (HO)

("C:\Users\huanglinc\AppData\Local\Programs\MiKTeX 2.9\tex/generic/oberdiek\ltx
cmds.sty"
Package: ltxcmds 2016/05/16 v1.23 LaTeX kernel commands for general use (HO)
)))
("C:\Users\huanglinc\AppData\Local\Programs\MiKTeX 2.9\tex/latex/oberdiek\kvopt
ions.sty"
Package: kvoptions 2016/05/16 v3.12 Key value format for package options (HO)

("C:\Users\huanglinc\AppData\Local\Programs\MiKTeX 2.9\tex/generic/oberdiek\kvs
etkeys.sty"
Package: kvsetkeys 2016/05/16 v1.17 Key value parser (HO)

("C:\Users\huanglinc\AppData\Local\Programs\MiKTeX 2.9\tex/generic/oberdiek\ete
xcmds.sty"
Package: etexcmds 2016/05/16 v1.6 Avoid name clashes with e-TeX commands (HO)

("C:\Users\huanglinc\AppData\Local\Programs\MiKTeX 2.9\tex/generic/oberdiek\ifl
uatex.sty"
Package: ifluatex 2016/05/16 v1.4 Provides the ifluatex switch (HO)
Package ifluatex Info: LuaTeX not detected.
))))
("C:\Users\huanglinc\AppData\Local\Programs\MiKTeX 2.9\tex/generic/oberdiek\pdf
texcmds.sty"
Package: pdftexcmds 2018/09/10 v0.29 Utility functions of pdfTeX for LuaTeX (HO
)
Package pdftexcmds Info: LuaTeX not detected.
Package pdftexcmds Info: \pdf@primitive is available.
Package pdftexcmds Info: \pdf@ifprimitive is available.
Package pdftexcmds Info: \pdfdraftmode found.
)
Package epstopdf-base Info: Redefining graphics rule for `.eps' on input line 4
38.
Package grfext Info: Graphics extension search list:
(grfext)             [.pdf,.png,.jpg,.mps,.jpeg,.jbig2,.jb2,.PDF,.PNG,.JPG,.JPE
G,.JBIG2,.JB2,.eps]
(grfext)             \AppendGraphicsExtensions on input line 456.
) ABD: EveryShipout initializing macros

Package todonotes Warning: The length marginparwidth is less than 2cm and will 
most likely cause issues with the appearance of inserted todonotes. The issue c
an be solved by adding a line like \setlength {\marginparwidth }{2cm} prior to 
loading the todonotes package. on input line 53.

\c@lstlisting=\count314
*geometry* driver: auto-detecting
*geometry* detected driver: pdftex
*geometry* verbose mode - [ preamble ] result:
* driver: pdftex
* paper: letterpaper
* layout: <same size as paper>
* layoutoffset:(h,v)=(0.0pt,0.0pt)
* modes: 
* h-part:(L,W,R)=(86.72377pt, 440.84746pt, 86.72377pt)
* v-part:(T,H,B)=(86.72377pt, 621.52245pt, 86.72377pt)
* \paperwidth=614.295pt
* \paperheight=794.96999pt
* \textwidth=440.84746pt
* \textheight=621.52245pt
* \oddsidemargin=14.45378pt
* \evensidemargin=14.45378pt
* \topmargin=-22.54622pt
* \headheight=12.0pt
* \headsep=25.0pt
* \topskip=12.0pt
* \footskip=30.0pt
* \marginparwidth=44.0pt
* \marginparsep=10.0pt
* \columnsep=10.0pt
* \skip\footins=10.8pt plus 4.0pt minus 2.0pt
* \hoffset=0.0pt
* \voffset=0.0pt
* \mag=1000
* \@twocolumnfalse
* \@twosidefalse
* \@mparswitchfalse
* \@reversemarginfalse
* (1in=72.27pt=25.4mm, 1cm=28.453pt)

LaTeX Font Info:    Try loading font information for OML+lmm on input line 88.
("C:\Users\huanglinc\AppData\Local\Programs\MiKTeX 2.9\tex/latex/lm\omllmm.fd"
File: omllmm.fd 2009/10/30 v1.6 Font defs for Latin Modern
)
LaTeX Font Info:    Try loading font information for OMS+lmsy on input line 88.

("C:\Users\huanglinc\AppData\Local\Programs\MiKTeX 2.9\tex/latex/lm\omslmsy.fd"
File: omslmsy.fd 2009/10/30 v1.6 Font defs for Latin Modern
)
LaTeX Font Info:    Try loading font information for OMX+lmex on input line 88.

 ("C:\Users\huanglinc\AppData\Local\Programs\MiKTeX 2.9\tex/latex/lm\omxlmex.fd
"
File: omxlmex.fd 2009/10/30 v1.6 Font defs for Latin Modern
)
LaTeX Font Info:    External font `lmex10' loaded for size
(Font)              <12> on input line 88.
LaTeX Font Info:    External font `lmex10' loaded for size
(Font)              <8> on input line 88.
LaTeX Font Info:    External font `lmex10' loaded for size
(Font)              <6> on input line 88.
<CWU-Logo.png, id=28, 1302.8675pt x 867.24pt>
File: CWU-Logo.png Graphic file (type png)
<use CWU-Logo.png>
Package pdftex.def Info: CWU-Logo.png  used on input line 114.
(pdftex.def)             Requested size: 227.62204pt x 151.50461pt.
 [1

{C:/Users/huanglinc/AppData/Local/MiKTeX/2.9/pdftex/config/pdftex.map} <./CWU-L
ogo.png>] (report.toc)
\tf@toc=\write4
\openout4 = `report.toc'.

 [1]
Overfull \hbox (2.36119pt too wide) in paragraph at lines 131--132
\OT1/lmr/m/n/12 are Ge-netic Al-go-rithm (GA) and Dif-fer-en-tial Evo-lu-tion A
l-go-rithm (DE), Par-ti-cle Swarm
 []

[2] [3]
LaTeX Font Info:    External font `lmex10' loaded for size
(Font)              <10> on input line 184.
LaTeX Font Info:    External font `lmex10' loaded for size
(Font)              <7> on input line 184.
LaTeX Font Info:    External font `lmex10' loaded for size
(Font)              <5> on input line 184.
LaTeX Font Info:    External font `lmex10' loaded for size
(Font)              <10.95> on input line 205.
 [4] [5]
<"figures/03 optimization linux 100 200 ALO/figures/f1".png, id=54, 844.15375pt
 x 359.3425pt>
File: "figures/03 optimization linux 100 200 ALO/figures/f1".png Graphic file (
type png)
<use "figures/03 optimization linux 100 200 ALO/figures/f1".png>
Package pdftex.def Info: "figures/03 optimization linux 100 200 ALO/figures/f1"
.png  used on input line 334.
(pdftex.def)             Requested size: 440.84746pt x 187.66519pt.

Underfull \hbox (badness 10000) in paragraph at lines 371--373

 []

[6 <./figures/03 optimization linux 100 200 ALO/figures/f1.png>]
<"figures/03 optimization linux 100 200 ALO/figures/f2".png, id=61, 844.15375pt
 x 359.3425pt>
File: "figures/03 optimization linux 100 200 ALO/figures/f2".png Graphic file (
type png)
<use "figures/03 optimization linux 100 200 ALO/figures/f2".png>
Package pdftex.def Info: "figures/03 optimization linux 100 200 ALO/figures/f2"
.png  used on input line 379.
(pdftex.def)             Requested size: 440.84746pt x 187.66519pt.

Underfull \hbox (badness 10000) in paragraph at lines 416--418

 []

[7 <./figures/03 optimization linux 100 200 ALO/figures/f2.png>]
<"figures/03 optimization linux 100 200 ALO/figures/f3".png, id=66, 835.12pt x 
359.3425pt>
File: "figures/03 optimization linux 100 200 ALO/figures/f3".png Graphic file (
type png)
<use "figures/03 optimization linux 100 200 ALO/figures/f3".png>
Package pdftex.def Info: "figures/03 optimization linux 100 200 ALO/figures/f3"
.png  used on input line 424.
(pdftex.def)             Requested size: 440.84746pt x 189.69394pt.

Overfull \hbox (2.61107pt too wide) in paragraph at lines 461--473
 []
 []


Underfull \hbox (badness 10000) in paragraph at lines 461--473

 []

[8 <./figures/03 optimization linux 100 200 ALO/figures/f3.png>]
<"figures/03 optimization linux 100 200 ALO/figures/f4".png, id=71, 838.13126pt
 x 359.3425pt>
File: "figures/03 optimization linux 100 200 ALO/figures/f4".png Graphic file (
type png)
<use "figures/03 optimization linux 100 200 ALO/figures/f4".png>
Package pdftex.def Info: "figures/03 optimization linux 100 200 ALO/figures/f4"
.png  used on input line 479.
(pdftex.def)             Requested size: 440.84746pt x 189.00854pt.

Underfull \hbox (badness 10000) in paragraph at lines 516--518

 []

[9 <./figures/03 optimization linux 100 200 ALO/figures/f4.png>]
<"figures/03 optimization linux 100 200 ALO/figures/f5".png, id=76, 838.13126pt
 x 359.3425pt>
File: "figures/03 optimization linux 100 200 ALO/figures/f5".png Graphic file (
type png)
<use "figures/03 optimization linux 100 200 ALO/figures/f5".png>
Package pdftex.def Info: "figures/03 optimization linux 100 200 ALO/figures/f5"
.png  used on input line 524.
(pdftex.def)             Requested size: 440.84746pt x 189.00854pt.

Overfull \hbox (2.61107pt too wide) in paragraph at lines 561--575
 []
 []


Underfull \hbox (badness 10000) in paragraph at lines 561--575

 []

[10 <./figures/03 optimization linux 100 200 ALO/figures/f5.png>] [11]
<"figures/03 optimization linux 100 200 ALO/figures/f6".png, id=84, 850.17625pt
 x 359.3425pt>
File: "figures/03 optimization linux 100 200 ALO/figures/f6".png Graphic file (
type png)
<use "figures/03 optimization linux 100 200 ALO/figures/f6".png>
Package pdftex.def Info: "figures/03 optimization linux 100 200 ALO/figures/f6"
.png  used on input line 581.
(pdftex.def)             Requested size: 440.84746pt x 186.3328pt.

Overfull \hbox (2.61107pt too wide) in paragraph at lines 618--628
 []
 []


Underfull \hbox (badness 10000) in paragraph at lines 618--628

 []

[12 <./figures/03 optimization linux 100 200 ALO/figures/f6.png>] [13]
<"figures/03 optimization linux 100 200 ALO/figures/f7".png, id=93, 832.10875pt
 x 359.3425pt>
File: "figures/03 optimization linux 100 200 ALO/figures/f7".png Graphic file (
type png)
<use "figures/03 optimization linux 100 200 ALO/figures/f7".png>
Package pdftex.def Info: "figures/03 optimization linux 100 200 ALO/figures/f7"
.png  used on input line 634.
(pdftex.def)             Requested size: 440.84746pt x 190.37933pt.

Underfull \hbox (badness 10000) in paragraph at lines 671--673

 []

[14 <./figures/03 optimization linux 100 200 ALO/figures/f7.png>]
<"figures/03 optimization linux 100 200 ALO/figures/f8".png, id=98, 846.16125pt
 x 359.3425pt>
File: "figures/03 optimization linux 100 200 ALO/figures/f8".png Graphic file (
type png)
<use "figures/03 optimization linux 100 200 ALO/figures/f8".png>
Package pdftex.def Info: "figures/03 optimization linux 100 200 ALO/figures/f8"
.png  used on input line 679.
(pdftex.def)             Requested size: 440.84746pt x 187.21558pt.

Underfull \hbox (badness 10000) in paragraph at lines 716--718

 []

[15 <./figures/03 optimization linux 100 200 ALO/figures/f8.png>]
<"figures/03 optimization linux 100 200 ALO/figures/f9".png, id=103, 838.13126p
t x 359.3425pt>
File: "figures/03 optimization linux 100 200 ALO/figures/f9".png Graphic file (
type png)
<use "figures/03 optimization linux 100 200 ALO/figures/f9".png>
Package pdftex.def Info: "figures/03 optimization linux 100 200 ALO/figures/f9"
.png  used on input line 724.
(pdftex.def)             Requested size: 440.84746pt x 189.00854pt.

Underfull \hbox (badness 10000) in paragraph at lines 761--763

 []

[16 <./figures/03 optimization linux 100 200 ALO/figures/f9.png>]
<"figures/03 optimization linux 100 200 ALO/figures/f10".png, id=108, 859.21pt 
x 359.3425pt>
File: "figures/03 optimization linux 100 200 ALO/figures/f10".png Graphic file 
(type png)
<use "figures/03 optimization linux 100 200 ALO/figures/f10".png>
Package pdftex.def Info: "figures/03 optimization linux 100 200 ALO/figures/f10
".png  used on input line 769.
(pdftex.def)             Requested size: 440.84746pt x 184.37532pt.

Underfull \hbox (badness 10000) in paragraph at lines 806--808

 []

[17 <./figures/03 optimization linux 100 200 ALO/figures/f10.png>]
<"figures/03 optimization linux 100 200 ALO/figures/f11".png, id=113, 859.21pt 
x 359.3425pt>
File: "figures/03 optimization linux 100 200 ALO/figures/f11".png Graphic file 
(type png)
<use "figures/03 optimization linux 100 200 ALO/figures/f11".png>
Package pdftex.def Info: "figures/03 optimization linux 100 200 ALO/figures/f11
".png  used on input line 814.
(pdftex.def)             Requested size: 440.84746pt x 184.37532pt.

Underfull \hbox (badness 10000) in paragraph at lines 851--853

 []

[18 <./figures/03 optimization linux 100 200 ALO/figures/f11.png>]
<"figures/03 optimization linux 100 200 ALO/figures/f12".png, id=119, 832.10875
pt x 359.3425pt>
File: "figures/03 optimization linux 100 200 ALO/figures/f12".png Graphic file 
(type png)
<use "figures/03 optimization linux 100 200 ALO/figures/f12".png>
Package pdftex.def Info: "figures/03 optimization linux 100 200 ALO/figures/f12
".png  used on input line 859.
(pdftex.def)             Requested size: 440.84746pt x 190.37933pt.

Underfull \hbox (badness 10000) in paragraph at lines 896--898

 []

[19 <./figures/03 optimization linux 100 200 ALO/figures/f12.png>]
<"figures/03 optimization linux 100 200 ALO/figures/f13".png, id=124, 840.13875
pt x 359.3425pt>
File: "figures/03 optimization linux 100 200 ALO/figures/f13".png Graphic file 
(type png)
<use "figures/03 optimization linux 100 200 ALO/figures/f13".png>
Package pdftex.def Info: "figures/03 optimization linux 100 200 ALO/figures/f13
".png  used on input line 904.
(pdftex.def)             Requested size: 440.84746pt x 188.55893pt.

Underfull \hbox (badness 10000) in paragraph at lines 941--943

 []

[20 <./figures/03 optimization linux 100 200 ALO/figures/f13.png>]
<"figures/03 optimization linux 100 200 ALO/figures/f14".png, id=129, 840.13875
pt x 359.3425pt>
File: "figures/03 optimization linux 100 200 ALO/figures/f14".png Graphic file 
(type png)
<use "figures/03 optimization linux 100 200 ALO/figures/f14".png>
Package pdftex.def Info: "figures/03 optimization linux 100 200 ALO/figures/f14
".png  used on input line 949.
(pdftex.def)             Requested size: 440.84746pt x 188.55893pt.

Underfull \hbox (badness 10000) in paragraph at lines 986--988

 []

[21 <./figures/03 optimization linux 100 200 ALO/figures/f14.png>]
<"figures/03 optimization linux 100 200 ALO/figures/f15".png, id=134, 835.12pt 
x 359.3425pt>
File: "figures/03 optimization linux 100 200 ALO/figures/f15".png Graphic file 
(type png)
<use "figures/03 optimization linux 100 200 ALO/figures/f15".png>
Package pdftex.def Info: "figures/03 optimization linux 100 200 ALO/figures/f15
".png  used on input line 994.
(pdftex.def)             Requested size: 440.84746pt x 189.69394pt.

Overfull \hbox (2.61107pt too wide) in paragraph at lines 1031--1045
 []
 []


Underfull \hbox (badness 10000) in paragraph at lines 1031--1045

 []

[22 <./figures/03 optimization linux 100 200 ALO/figures/f15.png>]
<"figures/03 optimization linux 100 200 ALO/figures/f16".png, id=139, 838.13126
pt x 359.3425pt>
File: "figures/03 optimization linux 100 200 ALO/figures/f16".png Graphic file 
(type png)
<use "figures/03 optimization linux 100 200 ALO/figures/f16".png>
Package pdftex.def Info: "figures/03 optimization linux 100 200 ALO/figures/f16
".png  used on input line 1051.
(pdftex.def)             Requested size: 440.84746pt x 189.00854pt.

Underfull \hbox (badness 10000) in paragraph at lines 1088--1090

 []

[23 <./figures/03 optimization linux 100 200 ALO/figures/f16.png>]
<"figures/03 optimization linux 100 200 ALO/figures/f17".png, id=144, 844.15375
pt x 359.3425pt>
File: "figures/03 optimization linux 100 200 ALO/figures/f17".png Graphic file 
(type png)
<use "figures/03 optimization linux 100 200 ALO/figures/f17".png>
Package pdftex.def Info: "figures/03 optimization linux 100 200 ALO/figures/f17
".png  used on input line 1096.
(pdftex.def)             Requested size: 440.84746pt x 187.66519pt.

Overfull \hbox (2.61107pt too wide) in paragraph at lines 1133--1145
 []
 []


Underfull \hbox (badness 10000) in paragraph at lines 1133--1145

 []

[24 <./figures/03 optimization linux 100 200 ALO/figures/f17.png>] [25]
<"figures/03 optimization linux 100 200 ALO/figures/f18".png, id=153, 838.13126
pt x 359.3425pt>
File: "figures/03 optimization linux 100 200 ALO/figures/f18".png Graphic file 
(type png)
<use "figures/03 optimization linux 100 200 ALO/figures/f18".png>
Package pdftex.def Info: "figures/03 optimization linux 100 200 ALO/figures/f18
".png  used on input line 1151.
(pdftex.def)             Requested size: 440.84746pt x 189.00854pt.

Underfull \hbox (badness 10000) in paragraph at lines 1188--1190

 []

[26 <./figures/03 optimization linux 100 200 ALO/figures/f18.png>] [27]
Underfull \hbox (badness 10000) in paragraph at lines 1402--1403
[]|\OT1/lmr/m/n/8 DE[]best[]2[]exp, DE[]best[]1[]bin, DE[]rand[]1[]bin,
 []


Overfull \hbox (0.50679pt too wide) in paragraph at lines 1384--1408
 [][] 
 []

[28]
Underfull \hbox (badness 10000) in paragraph at lines 1497--1498
[]|\OT1/lmr/m/n/8 DE[]rand[]2[]exp, DE[]rand[]1[]bin,
 []


Underfull \hbox (badness 10000) in paragraph at lines 1504--1505
\OT1/lmr/m/n/8 DE[]best[]2[]exp, DE[]rand[]2[]exp,
 []


Underfull \hbox (badness 10000) in paragraph at lines 1506--1507
[]|\OT1/lmr/m/n/8 DE[]rand[]1[]exp,
 []


Underfull \hbox (badness 10000) in paragraph at lines 1506--1507
\OT1/lmr/m/n/8 DE[]randbest[]1[]exp,
 []


Underfull \hbox (badness 10000) in paragraph at lines 1506--1507
\OT1/lmr/m/n/8 DE[]rand[]2[]exp, DE[]best[]1[]bin,
 []


Underfull \hbox (badness 10000) in paragraph at lines 1506--1507
\OT1/lmr/m/n/8 DE[]best[]2[]bin, DE[]rand[]2[]bin,
 []


Underfull \hbox (badness 10000) in paragraph at lines 1507--1508
[]|\OT1/lmr/m/n/8 DE[]best[]2[]exp, DE[]best[]1[]bin,
 []

[29] [30] (report.aux)

LaTeX Warning: There were multiply-defined labels.

 ) 
Here is how much of TeX's memory you used:
 26772 strings out of 492946
 524474 string characters out of 3124490
 767313 words of memory out of 3000000
 30223 multiletter control sequences out of 15000+200000
 594233 words of font info for 60 fonts, out of 3000000 for 9000
 1141 hyphenation exceptions out of 8191
 62i,11n,81p,786b,355s stack positions out of 5000i,500n,10000p,200000b,50000s
{C:/Users/huanglinc/AppData/Local/Programs/MiKTeX 2.9/fonts/enc/dvips/lm/lm-r
m.enc}{C:/Users/huanglinc/AppData/Local/Programs/MiKTeX 2.9/fonts/enc/dvips/lm/
lm-rmsc.enc}<C:/Users/huanglinc/AppData/Local/Programs/MiKTeX 2.9/fonts/type1/p
ublic/lm/lmbx12.pfb><C:/Users/huanglinc/AppData/Local/Programs/MiKTeX 2.9/fonts
/type1/public/lm/lmcsc10.pfb><C:/Users/huanglinc/AppData/Local/Programs/MiKTeX 
2.9/fonts/type1/public/lm/lmr10.pfb><C:/Users/huanglinc/AppData/Local/Programs/
MiKTeX 2.9/fonts/type1/public/lm/lmr12.pfb><C:/Users/huanglinc/AppData/Local/Pr
ograms/MiKTeX 2.9/fonts/type1/public/lm/lmr6.pfb><C:/Users/huanglinc/AppData/Lo
cal/Programs/MiKTeX 2.9/fonts/type1/public/lm/lmr8.pfb><C:/Users/huanglinc/AppD
ata/Local/Programs/MiKTeX 2.9/fonts/type1/public/lm/lmri12.pfb>
Output written on report.pdf (31 pages, 1061800 bytes).
PDF statistics:
 198 PDF objects out of 1000 (max. 8388607)
 0 named destinations out of 1000 (max. 500000)
 204 words of extra memory for PDF output out of 10000 (max. 10000000)

